mode: set
github.com/oz-pos/license-server/activate.go:22.68,23.42 1 1
github.com/oz-pos/license-server/activate.go:23.42,25.70 2 1
github.com/oz-pos/license-server/activate.go:25.70,29.4 1 1
github.com/oz-pos/license-server/activate.go:32.3,32.65 1 1
github.com/oz-pos/license-server/activate.go:32.65,36.4 1 1
github.com/oz-pos/license-server/activate.go:38.3,41.37 2 1
github.com/oz-pos/license-server/activate.go:41.37,45.4 1 1
github.com/oz-pos/license-server/activate.go:48.3,48.40 1 1
github.com/oz-pos/license-server/activate.go:48.40,52.4 1 1
github.com/oz-pos/license-server/activate.go:55.3,56.62 2 1
github.com/oz-pos/license-server/activate.go:56.62,61.4 2 1
github.com/oz-pos/license-server/activate.go:62.3,62.68 1 1
github.com/oz-pos/license-server/activate.go:62.68,66.4 1 1
github.com/oz-pos/license-server/activate.go:69.3,70.17 2 1
github.com/oz-pos/license-server/activate.go:70.17,74.4 1 1
github.com/oz-pos/license-server/activate.go:75.3,82.42 8 1
github.com/oz-pos/license-server/activate.go:82.42,86.4 1 0
github.com/oz-pos/license-server/activate.go:89.3,90.17 2 1
github.com/oz-pos/license-server/activate.go:90.17,94.4 1 1
github.com/oz-pos/license-server/activate.go:95.3,100.43 6 1
github.com/oz-pos/license-server/activate.go:100.43,104.4 1 0
github.com/oz-pos/license-server/activate.go:107.3,120.17 5 1
github.com/oz-pos/license-server/activate.go:120.17,124.4 1 0
github.com/oz-pos/license-server/activate.go:127.3,128.17 2 1
github.com/oz-pos/license-server/activate.go:128.17,132.4 1 1
github.com/oz-pos/license-server/activate.go:133.3,145.45 13 1
github.com/oz-pos/license-server/activate.go:145.45,149.4 1 0
github.com/oz-pos/license-server/activate.go:152.3,155.45 4 1
github.com/oz-pos/license-server/activate.go:155.45,157.4 1 0
github.com/oz-pos/license-server/activate.go:160.3,164.5 1 1
github.com/oz-pos/license-server/expiry.go:12.45,14.14 2 1
github.com/oz-pos/license-server/expiry.go:15.14,16.32 1 1
github.com/oz-pos/license-server/expiry.go:17.24,18.30 1 1
github.com/oz-pos/license-server/expiry.go:19.20,20.30 1 1
github.com/oz-pos/license-server/expiry.go:21.10,22.30 1 1
github.com/oz-pos/license-server/expiry.go:27.57,29.2 1 1
github.com/oz-pos/license-server/helpers.go:11.41,13.2 1 1
github.com/oz-pos/license-server/helpers.go:17.30,19.40 2 1
github.com/oz-pos/license-server/helpers.go:19.40,22.3 1 0
github.com/oz-pos/license-server/helpers.go:23.2,23.38 1 1
github.com/oz-pos/license-server/helpers.go:27.37,28.13 1 1
github.com/oz-pos/license-server/helpers.go:28.13,30.3 1 1
github.com/oz-pos/license-server/helpers.go:31.2,31.10 1 1
github.com/oz-pos/license-server/main.go:26.13,31.18 3 0
github.com/oz-pos/license-server/main.go:31.18,33.3 1 0
github.com/oz-pos/license-server/main.go:35.2,36.18 2 0
github.com/oz-pos/license-server/main.go:36.18,39.3 1 0
github.com/oz-pos/license-server/main.go:41.2,43.16 3 0
github.com/oz-pos/license-server/main.go:43.16,46.18 2 0
github.com/oz-pos/license-server/main.go:46.18,48.4 1 0
github.com/oz-pos/license-server/main.go:49.3,51.10 3 0
github.com/oz-pos/license-server/main.go:51.10,53.4 1 0
github.com/oz-pos/license-server/main.go:55.2,58.57 2 0
github.com/oz-pos/license-server/main.go:58.57,63.3 4 0
github.com/oz-pos/license-server/main.go:65.2,65.36 1 0
github.com/oz-pos/license-server/main.go:65.36,67.3 1 0
github.com/oz-pos/license-server/main.go:76.38,86.76 4 1
github.com/oz-pos/license-server/main.go:86.76,88.3 1 1
github.com/oz-pos/license-server/main.go:92.2,92.80 1 1
github.com/oz-pos/license-server/main.go:92.80,94.3 1 1
github.com/oz-pos/license-server/main.go:99.2,100.23 2 1
github.com/oz-pos/license-server/main.go:100.23,102.3 1 1
github.com/oz-pos/license-server/main.go:106.2,108.23 3 1
github.com/oz-pos/license-server/main.go:108.23,110.3 1 1
github.com/oz-pos/license-server/main.go:111.2,116.48 4 1
github.com/oz-pos/license-server/main.go:116.48,118.3 1 1
github.com/oz-pos/license-server/main.go:119.2,121.23 3 1
github.com/oz-pos/license-server/main.go:121.23,123.3 1 1
github.com/oz-pos/license-server/main.go:124.2,133.43 7 1
github.com/oz-pos/license-server/main.go:133.43,135.28 2 1
github.com/oz-pos/license-server/main.go:135.28,137.4 1 1
github.com/oz-pos/license-server/main.go:138.3,139.21 2 1
github.com/oz-pos/license-server/main.go:141.2,143.20 3 1
github.com/oz-pos/license-server/main.go:149.47,157.43 6 1
github.com/oz-pos/license-server/main.go:157.43,159.28 2 1
github.com/oz-pos/license-server/main.go:159.28,161.4 1 1
github.com/oz-pos/license-server/main.go:162.3,163.21 2 1
github.com/oz-pos/license-server/main.go:165.2,168.20 4 1
github.com/oz-pos/license-server/main.go:173.41,174.16 1 1
github.com/oz-pos/license-server/main.go:174.16,176.3 1 1
github.com/oz-pos/license-server/main.go:177.2,177.43 1 1
github.com/oz-pos/license-server/main.go:195.94,197.16 2 1
github.com/oz-pos/license-server/main.go:197.16,199.3 1 0
github.com/oz-pos/license-server/main.go:200.2,202.16 3 1
github.com/oz-pos/license-server/main.go:202.16,204.3 1 0
github.com/oz-pos/license-server/main.go:205.2,205.74 1 1
github.com/oz-pos/license-server/ratelimit.go:27.46,32.9 4 1
github.com/oz-pos/license-server/ratelimit.go:32.9,35.3 2 1
github.com/oz-pos/license-server/ratelimit.go:38.2,38.46 1 1
github.com/oz-pos/license-server/ratelimit.go:38.46,41.3 2 1
github.com/oz-pos/license-server/ratelimit.go:43.2,43.23 1 1
github.com/oz-pos/license-server/ratelimit.go:43.23,46.3 2 1
github.com/oz-pos/license-server/ratelimit.go:47.2,47.14 1 1
github.com/oz-pos/license-server/ratelimit.go:70.57,75.9 4 1
github.com/oz-pos/license-server/ratelimit.go:75.9,77.3 1 1
github.com/oz-pos/license-server/ratelimit.go:81.2,81.65 1 1
github.com/oz-pos/license-server/ratelimit.go:81.65,84.3 2 1
github.com/oz-pos/license-server/ratelimit.go:85.2,85.34 1 1
github.com/oz-pos/license-server/ratelimit.go:88.56,93.9 4 1
github.com/oz-pos/license-server/ratelimit.go:93.9,96.3 2 1
github.com/oz-pos/license-server/ratelimit.go:97.2,98.31 2 1
github.com/oz-pos/license-server/ratelimit.go:98.31,100.3 1 1
github.com/oz-pos/license-server/renew.go:18.65,19.42 1 1
github.com/oz-pos/license-server/renew.go:19.42,21.70 2 1
github.com/oz-pos/license-server/renew.go:21.70,25.4 1 1
github.com/oz-pos/license-server/renew.go:28.3,28.45 1 1
github.com/oz-pos/license-server/renew.go:28.45,32.4 1 1
github.com/oz-pos/license-server/renew.go:35.3,36.59 2 1
github.com/oz-pos/license-server/renew.go:36.59,40.4 1 1
github.com/oz-pos/license-server/renew.go:41.3,41.45 1 1
github.com/oz-pos/license-server/renew.go:41.45,45.4 1 1
github.com/oz-pos/license-server/renew.go:48.3,54.35 2 1
github.com/oz-pos/license-server/renew.go:54.35,58.4 1 1
github.com/oz-pos/license-server/renew.go:59.3,75.17 6 1
github.com/oz-pos/license-server/renew.go:75.17,79.4 1 0
github.com/oz-pos/license-server/renew.go:82.3,83.46 2 1
github.com/oz-pos/license-server/renew.go:83.46,85.4 1 0
github.com/oz-pos/license-server/renew.go:88.3,89.17 2 1
github.com/oz-pos/license-server/renew.go:89.17,93.4 1 0
github.com/oz-pos/license-server/renew.go:94.3,106.42 13 1
github.com/oz-pos/license-server/renew.go:106.42,110.4 1 0
github.com/oz-pos/license-server/renew.go:112.3,115.5 1 1
github.com/oz-pos/license-server/status.go:9.66,10.42 1 1
github.com/oz-pos/license-server/status.go:10.42,15.17 3 1
github.com/oz-pos/license-server/status.go:15.17,19.4 1 1
github.com/oz-pos/license-server/status.go:22.3,28.35 2 1
github.com/oz-pos/license-server/status.go:28.35,35.4 1 1
github.com/oz-pos/license-server/status.go:37.3,46.5 2 1
